<?xml version="1.0" encoding="UTF-8"?>
<testsuite xmlns:xsi="http://www.w3.org/2001/XMLSchema-instance" xsi:noNamespaceSchemaLocation="https://maven.apache.org/surefire/maven-surefire-plugin/xsd/surefire-test-report-3.0.xsd" version="3.0" name="com.fse.moviebooking.main.controller.MovieControllerFailTest" time="36.799" tests="5" errors="0" skipped="0" failures="0">
  <properties>
[...]
</properties>
  <testcase name="testBookMovieTicketTheatreNotFoundFail" classname="com.fse.moviebooking.main.controller.MovieControllerFailTest" time="17.705"/>
  <testcase name="testGetAllMoviesFail" classname="com.fse.moviebooking.main.controller.MovieControllerFailTest" time="0.14"/>
  <testcase name="testBookMovieTicketMovieNotFoundFail" classname="com.fse.moviebooking.main.controller.MovieControllerFailTest" time="1.433"/>
  <testcase name="testGetMovieByNameFail" classname="com.fse.moviebooking.main.controller.MovieControllerFailTest" time="0.154"/>
  <testcase name="testAddMovieFail" classname="com.fse.moviebooking.main.controller.MovieControllerFailTest" time="0.709"/>
</testsuite>